0 info it worked if it ends with ok
1 verbose cli [ 'C:\\Program Files\\nodejs\\node.exe',
1 verbose cli   'C:\\Program Files\\nodejs\\node_modules\\npm\\bin\\npm-cli.js',
1 verbose cli   'run',
1 verbose cli   'run' ]
2 info using npm@3.10.10
3 info using node@v6.11.3
4 verbose run-script [ 'prerun', 'run', 'postrun' ]
5 info lifecycle graph@1.0.0~prerun: graph@1.0.0
6 silly lifecycle graph@1.0.0~prerun: no script for prerun, continuing
7 info lifecycle graph@1.0.0~run: graph@1.0.0
8 verbose lifecycle graph@1.0.0~run: unsafe-perm in lifecycle true
9 verbose lifecycle graph@1.0.0~run: PATH: C:\Program Files\nodejs\node_modules\npm\bin\node-gyp-bin;C:\Users\r\Documents\GitHub\Graph\node_modules\.bin;C:\Users\r\AppData\Local\GitHub\PortableGit_f02737a78695063deace08e96d5042710d3e32db\cmd;C:\Users\r\AppData\Local\GitHub\PortableGit_f02737a78695063deace08e96d5042710d3e32db\usr\bin;C:\Users\r\AppData\Local\GitHub\PortableGit_f02737a78695063deace08e96d5042710d3e32db\usr\share\git-tfs;C:\Users\r\AppData\Local\Apps\2.0\23G5GCYX.6AT\2WPHN0V8.OY9\gith..tion_317444273a93ac29_0003.0003_5794af8169eeff14;C:\Users\r\AppData\Local\GitHub\lfs-amd64_1.5.5;C:\oraclexe\app\oracle\product\11.2.0\server\bin;C:\Windows\system32;C:\Windows;C:\Windows\System32\Wbem;C:\Windows\System32\WindowsPowerShell\v1.0\;C:\Program Files\Hewlett-Packard\SimplePass\;c:\Program Files (x86)\ATI Technologies\ATI.ACE\Core-Static;C:\Program Files (x86)\Skype\Phone\;C:\Program Files (x86)\Microchip\MPLAB C32 Suite\bin;C:\Windows\system32\config\systemprofile\.dnx\bin;C:\Program Files\Microsoft DNX\Dnvm\;C:\Program Files\Microsoft SQL Server\130\Tools\Binn\;C:\Program Files (x86)\CodeBlocks\MinGW\bin;C:\Program Files (x86)\GtkSharp\2.12\bin;C:\Program Files\MATLAB\MATLAB Production Server\R2015a\runtime\win64;C:\Program Files\MATLAB\MATLAB Production Server\R2015a\bin;C:\Program Files\MATLAB\MATLAB Production Server\R2015a\polyspace\bin;C:\Program Files\MySQL\MySQL Utilities 1.6\;C:\Program Files\nodejs\;C:\Program Files\Git\cmd;C:\Program Files\Git\mingw64\bin;C:\Program Files\Git\usr\bin;C:\Program Files\Heroku\bin;C:\altera\13.0sp1\modelsim_ase\win32aloem;C:\Program Files (x86)\LOVE;C:\Users\r\AppData\Local\atom\bin;C:\Program Files\Microsoft VS Code\bin;C:\Users\r\AppData\Roaming\npm;C:\Program Files\Heroku\bin;C:\Program Files (x86)\MSBuild\14.0\bin\;C:\Program Files (x86)\Microsoft SDKs\Windows\v8.1A\bin\NETFX 4.5.1 Tools\x64
10 verbose lifecycle graph@1.0.0~run: CWD: C:\Users\r\Documents\GitHub\Graph
11 silly lifecycle graph@1.0.0~run: Args: [ '/d /s /c', 'nodemon main.js -e js,hbs,css,html' ]
12 silly lifecycle graph@1.0.0~run: Returned: code: 3221225786  signal: null
13 info lifecycle graph@1.0.0~run: Failed to exec run script
14 verbose stack Error: graph@1.0.0 run: `nodemon main.js -e js,hbs,css,html`
14 verbose stack Exit status 3221225786
14 verbose stack     at EventEmitter.<anonymous> (C:\Program Files\nodejs\node_modules\npm\lib\utils\lifecycle.js:255:16)
14 verbose stack     at emitTwo (events.js:106:13)
14 verbose stack     at EventEmitter.emit (events.js:191:7)
14 verbose stack     at ChildProcess.<anonymous> (C:\Program Files\nodejs\node_modules\npm\lib\utils\spawn.js:40:14)
14 verbose stack     at emitTwo (events.js:106:13)
14 verbose stack     at ChildProcess.emit (events.js:191:7)
14 verbose stack     at maybeClose (internal/child_process.js:920:16)
14 verbose stack     at Process.ChildProcess._handle.onexit (internal/child_process.js:230:5)
15 verbose pkgid graph@1.0.0
16 verbose cwd C:\Users\r\Documents\GitHub\Graph
17 error Windows_NT 6.3.9600
18 error argv "C:\\Program Files\\nodejs\\node.exe" "C:\\Program Files\\nodejs\\node_modules\\npm\\bin\\npm-cli.js" "run" "run"
19 error node v6.11.3
20 error npm  v3.10.10
21 error code ELIFECYCLE
22 error graph@1.0.0 run: `nodemon main.js -e js,hbs,css,html`
22 error Exit status 3221225786
23 error Failed at the graph@1.0.0 run script 'nodemon main.js -e js,hbs,css,html'.
23 error Make sure you have the latest version of node.js and npm installed.
23 error If you do, this is most likely a problem with the graph package,
23 error not with npm itself.
23 error Tell the author that this fails on your system:
23 error     nodemon main.js -e js,hbs,css,html
23 error You can get information on how to open an issue for this project with:
23 error     npm bugs graph
23 error Or if that isn't available, you can get their info via:
23 error     npm owner ls graph
23 error There is likely additional logging output above.
24 verbose exit [ 1, true ]
